[2026-03-19T11:32:10.410+0000] {local_task_job_runner.py:120} INFO - ::group::Pre task execution logs
[2026-03-19T11:32:10.425+0000] {taskinstance.py:2076} INFO - Dependencies all met for dep_context=non-requeueable deps ti=<TaskInstance: delivery_pipeline.download_data manual__2026-03-19T11:32:09.424711+00:00 [queued]>
[2026-03-19T11:32:10.429+0000] {taskinstance.py:2076} INFO - Dependencies all met for dep_context=requeueable deps ti=<TaskInstance: delivery_pipeline.download_data manual__2026-03-19T11:32:09.424711+00:00 [queued]>
[2026-03-19T11:32:10.430+0000] {taskinstance.py:2306} INFO - Starting attempt 1 of 2
[2026-03-19T11:32:10.436+0000] {taskinstance.py:2330} INFO - Executing <Task(BashOperator): download_data> on 2026-03-19 11:32:09.424711+00:00
[2026-03-19T11:32:10.438+0000] {standard_task_runner.py:64} INFO - Started process 178 to run task
[2026-03-19T11:32:10.440+0000] {standard_task_runner.py:90} INFO - Running: ['airflow', 'tasks', 'run', 'delivery_pipeline', 'download_data', 'manual__2026-03-19T11:32:09.424711+00:00', '--job-id', '5', '--raw', '--subdir', 'DAGS_FOLDER/delivery_pipeline_dag.py', '--cfg-path', '/tmp/tmp4h_0dqb_']
[2026-03-19T11:32:10.441+0000] {standard_task_runner.py:91} INFO - Job 5: Subtask download_data
[2026-03-19T11:32:10.464+0000] {task_command.py:426} INFO - Running <TaskInstance: delivery_pipeline.download_data manual__2026-03-19T11:32:09.424711+00:00 [running]> on host d963d252e3c3
[2026-03-19T11:32:10.581+0000] {taskinstance.py:2648} INFO - Exporting env vars: AIRFLOW_CTX_DAG_OWNER='airflow' AIRFLOW_CTX_DAG_ID='delivery_pipeline' AIRFLOW_CTX_TASK_ID='download_data' AIRFLOW_CTX_EXECUTION_DATE='2026-03-19T11:32:09.424711+00:00' AIRFLOW_CTX_TRY_NUMBER='1' AIRFLOW_CTX_DAG_RUN_ID='manual__2026-03-19T11:32:09.424711+00:00'
[2026-03-19T11:32:10.581+0000] {taskinstance.py:430} INFO - ::endgroup::
[2026-03-19T11:32:10.594+0000] {subprocess.py:63} INFO - Tmp dir root location: /tmp
[2026-03-19T11:32:10.595+0000] {subprocess.py:75} INFO - Running command: ['/usr/bin/bash', '-c', 'cd /opt/airflow && python scripts/download_data.py']
[2026-03-19T11:32:10.598+0000] {subprocess.py:86} INFO - Output:
[2026-03-19T11:32:10.930+0000] {subprocess.py:93} INFO - Traceback (most recent call last):
[2026-03-19T11:32:10.930+0000] {subprocess.py:93} INFO -   File "/opt/airflow/scripts/download_data.py", line 34, in <module>
[2026-03-19T11:32:10.931+0000] {subprocess.py:93} INFO -     main()
[2026-03-19T11:32:10.931+0000] {subprocess.py:93} INFO -   File "/opt/airflow/scripts/download_data.py", line 10, in main
[2026-03-19T11:32:10.931+0000] {subprocess.py:93} INFO -     os.makedirs(OUTPUT_DIR, exist_ok=True)
[2026-03-19T11:32:10.931+0000] {subprocess.py:93} INFO -   File "<frozen os>", line 225, in makedirs
[2026-03-19T11:32:10.931+0000] {subprocess.py:93} INFO - PermissionError: [Errno 13] Permission denied: '/opt/project_data/raw'
[2026-03-19T11:32:10.947+0000] {subprocess.py:97} INFO - Command exited with return code 1
[2026-03-19T11:32:10.948+0000] {taskinstance.py:441} INFO - ::group::Post task execution logs
[2026-03-19T11:32:10.953+0000] {taskinstance.py:2905} ERROR - Task failed with exception
Traceback (most recent call last):
  File "/home/airflow/.local/lib/python3.11/site-packages/airflow/models/taskinstance.py", line 465, in _execute_task
    result = _execute_callable(context=context, **execute_callable_kwargs)
             ^^^^^^^^^^^^^^^^^^^^^^^^^^^^^^^^^^^^^^^^^^^^^^^^^^^^^^^^^^^^^
  File "/home/airflow/.local/lib/python3.11/site-packages/airflow/models/taskinstance.py", line 432, in _execute_callable
    return execute_callable(context=context, **execute_callable_kwargs)
           ^^^^^^^^^^^^^^^^^^^^^^^^^^^^^^^^^^^^^^^^^^^^^^^^^^^^^^^^^^^^
  File "/home/airflow/.local/lib/python3.11/site-packages/airflow/models/baseoperator.py", line 401, in wrapper
    return func(self, *args, **kwargs)
           ^^^^^^^^^^^^^^^^^^^^^^^^^^^
  File "/home/airflow/.local/lib/python3.11/site-packages/airflow/operators/bash.py", line 243, in execute
    raise AirflowException(
airflow.exceptions.AirflowException: Bash command failed. The command returned a non-zero exit code 1.
[2026-03-19T11:32:10.955+0000] {taskinstance.py:1206} INFO - Marking task as UP_FOR_RETRY. dag_id=delivery_pipeline, task_id=download_data, run_id=manual__2026-03-19T11:32:09.424711+00:00, execution_date=20260319T113209, start_date=20260319T113210, end_date=20260319T113210
[2026-03-19T11:32:10.960+0000] {standard_task_runner.py:110} ERROR - Failed to execute job 5 for task download_data (Bash command failed. The command returned a non-zero exit code 1.; 178)
[2026-03-19T11:32:10.997+0000] {local_task_job_runner.py:243} INFO - Task exited with return code 1
[2026-03-19T11:32:11.008+0000] {taskinstance.py:3503} INFO - 0 downstream tasks scheduled from follow-on schedule check
[2026-03-19T11:32:11.008+0000] {local_task_job_runner.py:222} INFO - ::endgroup::
