[2026-03-19T11:37:35.814+0000] {local_task_job_runner.py:120} INFO - ::group::Pre task execution logs
[2026-03-19T11:37:35.831+0000] {taskinstance.py:2076} INFO - Dependencies all met for dep_context=non-requeueable deps ti=<TaskInstance: delivery_pipeline.download_data manual__2026-03-19T11:16:51.127303+00:00 [queued]>
[2026-03-19T11:37:35.836+0000] {taskinstance.py:2076} INFO - Dependencies all met for dep_context=requeueable deps ti=<TaskInstance: delivery_pipeline.download_data manual__2026-03-19T11:16:51.127303+00:00 [queued]>
[2026-03-19T11:37:35.837+0000] {taskinstance.py:2306} INFO - Starting attempt 4 of 4
[2026-03-19T11:37:35.842+0000] {taskinstance.py:2330} INFO - Executing <Task(BashOperator): download_data> on 2026-03-19 11:16:51.127303+00:00
[2026-03-19T11:37:35.844+0000] {standard_task_runner.py:64} INFO - Started process 174 to run task
[2026-03-19T11:37:35.846+0000] {standard_task_runner.py:90} INFO - Running: ['airflow', 'tasks', 'run', 'delivery_pipeline', 'download_data', 'manual__2026-03-19T11:16:51.127303+00:00', '--job-id', '8', '--raw', '--subdir', 'DAGS_FOLDER/delivery_pipeline_dag.py', '--cfg-path', '/tmp/tmpx29uarcn']
[2026-03-19T11:37:35.847+0000] {standard_task_runner.py:91} INFO - Job 8: Subtask download_data
[2026-03-19T11:37:35.871+0000] {task_command.py:426} INFO - Running <TaskInstance: delivery_pipeline.download_data manual__2026-03-19T11:16:51.127303+00:00 [running]> on host f5c90762f960
[2026-03-19T11:37:35.996+0000] {taskinstance.py:2648} INFO - Exporting env vars: AIRFLOW_CTX_DAG_OWNER='airflow' AIRFLOW_CTX_DAG_ID='delivery_pipeline' AIRFLOW_CTX_TASK_ID='download_data' AIRFLOW_CTX_EXECUTION_DATE='2026-03-19T11:16:51.127303+00:00' AIRFLOW_CTX_TRY_NUMBER='4' AIRFLOW_CTX_DAG_RUN_ID='manual__2026-03-19T11:16:51.127303+00:00'
[2026-03-19T11:37:35.997+0000] {taskinstance.py:430} INFO - ::endgroup::
[2026-03-19T11:37:36.011+0000] {subprocess.py:63} INFO - Tmp dir root location: /tmp
[2026-03-19T11:37:36.011+0000] {subprocess.py:75} INFO - Running command: ['/usr/bin/bash', '-c', 'cd /opt/airflow && python scripts/download_data.py']
[2026-03-19T11:37:36.015+0000] {subprocess.py:86} INFO - Output:
[2026-03-19T11:37:36.353+0000] {subprocess.py:93} INFO - Retrieving folder contents
[2026-03-19T11:37:37.593+0000] {subprocess.py:93} INFO - Retrieving folder contents completed
[2026-03-19T11:37:37.593+0000] {subprocess.py:93} INFO - Building directory structure
[2026-03-19T11:37:37.594+0000] {subprocess.py:93} INFO - Building directory structure completed
[2026-03-19T11:37:48.256+0000] {subprocess.py:93} INFO - Downloading parquet files from Google Drive...
[2026-03-19T11:37:48.257+0000] {subprocess.py:93} INFO - Processing file 1AUDr2BsbiW78l6RR-DAzWoF3KWauBiH4 chunk_240001_250000.parquet
[2026-03-19T11:37:48.258+0000] {subprocess.py:93} INFO - Processing file 1YXQMjYyhsNG_efulo6nLgTUDpQgMDgx- chunk_620001_630000.parquet
[2026-03-19T11:37:48.258+0000] {subprocess.py:93} INFO - Processing file 1tBinYJodVHPCtn3S_P9yLWX10_XoRfWY chunk_860001_870000.parquet
[2026-03-19T11:37:48.259+0000] {subprocess.py:93} INFO - Processing file 1ck4A9_XoRSWIFWK7VJfpDTv8Iq21kCdR chunk_890001_900000.parquet
[2026-03-19T11:37:48.259+0000] {subprocess.py:93} INFO - Processing file 1-u_-IiMOO9QFXlXSRxm-fn4tmuUejW3w chunk_920001_930000.parquet
[2026-03-19T11:37:48.260+0000] {subprocess.py:93} INFO - Processing file 1umAmCufazyNfMDXn80zpDuz1sIfRDj9e chunk_1180001_1190000.parquet
[2026-03-19T11:37:48.261+0000] {subprocess.py:93} INFO - Processing file 14W_JubMZ4QqUs-b-xUUsyA56VqLo0BBq chunk_1410001_1420000.parquet
[2026-03-19T11:37:48.263+0000] {subprocess.py:93} INFO - Processing file 17deTH9Bg2mlbyRbdV_0vYvGDpCSqag1r chunk_1520001_1530000.parquet
[2026-03-19T11:37:48.264+0000] {subprocess.py:93} INFO - Processing file 1FimDDH_HdU3IihBe9HOlRk08ePRJNRoR chunk_1580001_1590000.parquet
[2026-03-19T11:37:48.265+0000] {subprocess.py:93} INFO - Processing file 1nFHr2NValaM_HlKquoqrpmAHZAVP7XqP chunk_1850001_1860000.parquet
[2026-03-19T11:37:48.265+0000] {subprocess.py:93} INFO - Processing file 17TYU9sjpQLNy2DqT55JKlyRf_NM2i6th chunk_2010001_2020000.parquet
[2026-03-19T11:37:48.266+0000] {subprocess.py:93} INFO - Processing file 1UbZYMDyZn3w1AMTOhPIxAhUzQtWv5tG2 chunk_2220001_2230000.parquet
[2026-03-19T11:37:48.266+0000] {subprocess.py:93} INFO - Processing file 1OHqUl-PXPBvi4HsS2TITMJqJ4oDurftg chunk_2390001_2400000.parquet
[2026-03-19T11:37:48.266+0000] {subprocess.py:93} INFO - Processing file 1TYfFGRhBX_BxuKa5g5hZjcfI0w8B9Llb chunk_2430001_2440000.parquet
[2026-03-19T11:37:48.266+0000] {subprocess.py:93} INFO - Processing file 15YEmhcc2faM20IQiT_EOG9tyjEm_sJst chunk_2540001_2550000.parquet
[2026-03-19T11:37:48.267+0000] {subprocess.py:93} INFO - Processing file 16ARmfMNF8Wl4DAWxAB-LAOoknZgivfQq chunk_3080001_3090000.parquet
[2026-03-19T11:37:48.267+0000] {subprocess.py:93} INFO - Processing file 1m9lXMdz_dsYlyDUwMB9qnHa1pBsCLfrq chunk_3230001_3240000.parquet
[2026-03-19T11:37:48.267+0000] {subprocess.py:93} INFO - Processing file 1K9J7PNlnpY8w4LrMeVp6P6Ezz5YeA3eB chunk_3430001_3440000.parquet
[2026-03-19T11:37:48.267+0000] {subprocess.py:93} INFO - Processing file 1KgTcn7I-stC-h7GDf8fUctUn_BDu3eAm chunk_3870001_3880000.parquet
[2026-03-19T11:37:48.267+0000] {subprocess.py:93} INFO - Processing file 1SaWQ_FsZVFJAukDYwmR8wCj7L_aUpbzv chunk_4030001_4040000.parquet
[2026-03-19T11:37:48.268+0000] {subprocess.py:93} INFO - Processing file 1etXWTzcXBZvc-jDh3jFe5zlxdjdNP6x1 chunk_4320001_4330000.parquet
[2026-03-19T11:37:48.268+0000] {subprocess.py:93} INFO - Processing file 1ClKRHj2OEuwE8KdpRSdqpKYNMq-W2Gaj chunk_4470001_4480000.parquet
[2026-03-19T11:37:48.268+0000] {subprocess.py:93} INFO - Processing file 1bif3mqIteXaBUvvdJMuD8mmD637zh6HY chunk_4750001_4760000.parquet
[2026-03-19T11:37:48.268+0000] {subprocess.py:93} INFO - Processing file 1rgwKzCx2IGjzmnwAnXuJFHfsYjgFXvFl chunk_5310001_5320000.parquet
[2026-03-19T11:37:48.269+0000] {subprocess.py:93} INFO - Processing file 1rsw8vDCYxEr9_LKtfvkkTnAI43ap-b5S chunk_5330001_5340000.parquet
[2026-03-19T11:37:48.269+0000] {subprocess.py:93} INFO - Processing file 1fvPeOqkupFmevSNAG3ucYadB-yLR_b96 chunk_5780001_5790000.parquet
[2026-03-19T11:37:48.269+0000] {subprocess.py:93} INFO - Processing file 1JZuGGCfwPG_2WwA3yUMxBdMZdT4D3M8m chunk_5790001_5800000.parquet
[2026-03-19T11:37:48.270+0000] {subprocess.py:93} INFO - Processing file 1p4iEKJBiQXI8QYpPHYEiO_CLeZ3uERkj chunk_5800001_5810000.parquet
[2026-03-19T11:37:48.270+0000] {subprocess.py:93} INFO - Processing file 16aixYIJp0lwtn2BxPETvE1tsn-tdIgxA chunk_5870001_5880000.parquet
[2026-03-19T11:37:48.270+0000] {subprocess.py:93} INFO - Processing file 14K4I_nQUW8D3j6v4JBsjiX3KVkbqJ93U chunk_6320001_6330000.parquet
[2026-03-19T11:37:48.270+0000] {subprocess.py:93} INFO - Processing file 1uZdxgVm99Jte5rvq6ZqQbhe93wuiOEuY chunk_6440001_6450000.parquet
[2026-03-19T11:37:48.271+0000] {subprocess.py:93} INFO - Processing file 1RVtlasfuy0ouEZI-nJj5UaiSKnuRxDsR chunk_6490001_6500000.parquet
[2026-03-19T11:37:48.271+0000] {subprocess.py:93} INFO - Processing file 1vby9dA2QT2Y_qnikts2dYU1BQDSUfLWX chunk_6540001_6550000.parquet
[2026-03-19T11:37:48.271+0000] {subprocess.py:93} INFO - Processing file 1g8jaa9bfdL8GeGyRQCCYpd8eLp6aMQcA chunk_6670001_6680000.parquet
[2026-03-19T11:37:48.271+0000] {subprocess.py:93} INFO - Traceback (most recent call last):
[2026-03-19T11:37:48.271+0000] {subprocess.py:93} INFO -   File "/home/airflow/.local/lib/python3.11/site-packages/gdown/download.py", line 267, in download
[2026-03-19T11:37:48.272+0000] {subprocess.py:93} INFO -     url = get_url_from_gdrive_confirmation(res.text)
[2026-03-19T11:37:48.272+0000] {subprocess.py:93} INFO -           ^^^^^^^^^^^^^^^^^^^^^^^^^^^^^^^^^^^^^^^^^^
[2026-03-19T11:37:48.272+0000] {subprocess.py:93} INFO -   File "/home/airflow/.local/lib/python3.11/site-packages/gdown/download.py", line 55, in get_url_from_gdrive_confirmation
[2026-03-19T11:37:48.272+0000] {subprocess.py:93} INFO -     raise FileURLRetrievalError(
[2026-03-19T11:37:48.273+0000] {subprocess.py:93} INFO - gdown.exceptions.FileURLRetrievalError: Cannot retrieve the public link of the file. You may need to change the permission to 'Anyone with the link', or have had many accesses. Check FAQ in https://github.com/wkentaro/gdown?tab=readme-ov-file#faq.
[2026-03-19T11:37:48.273+0000] {subprocess.py:93} INFO - 
[2026-03-19T11:37:48.273+0000] {subprocess.py:93} INFO - During handling of the above exception, another exception occurred:
[2026-03-19T11:37:48.274+0000] {subprocess.py:93} INFO - 
[2026-03-19T11:37:48.274+0000] {subprocess.py:93} INFO - Traceback (most recent call last):
[2026-03-19T11:37:48.274+0000] {subprocess.py:93} INFO -   File "/opt/airflow/scripts/download_data.py", line 34, in <module>
[2026-03-19T11:37:48.274+0000] {subprocess.py:93} INFO -     main()
[2026-03-19T11:37:48.274+0000] {subprocess.py:93} INFO -   File "/opt/airflow/scripts/download_data.py", line 20, in main
[2026-03-19T11:37:48.274+0000] {subprocess.py:93} INFO -     gdown.download_folder(
[2026-03-19T11:37:48.275+0000] {subprocess.py:93} INFO -   File "/home/airflow/.local/lib/python3.11/site-packages/gdown/download_folder.py", line 325, in download_folder
[2026-03-19T11:37:48.275+0000] {subprocess.py:93} INFO -     local_path = download(
[2026-03-19T11:37:48.275+0000] {subprocess.py:93} INFO -                  ^^^^^^^^^
[2026-03-19T11:37:48.275+0000] {subprocess.py:93} INFO -   File "/home/airflow/.local/lib/python3.11/site-packages/gdown/download.py", line 278, in download
[2026-03-19T11:37:48.275+0000] {subprocess.py:93} INFO -     raise FileURLRetrievalError(message)
[2026-03-19T11:37:48.275+0000] {subprocess.py:93} INFO - gdown.exceptions.FileURLRetrievalError: Failed to retrieve file url:
[2026-03-19T11:37:48.276+0000] {subprocess.py:93} INFO - 
[2026-03-19T11:37:48.276+0000] {subprocess.py:93} INFO - 	Cannot retrieve the public link of the file. You may need to change
[2026-03-19T11:37:48.276+0000] {subprocess.py:93} INFO - 	the permission to 'Anyone with the link', or have had many accesses.
[2026-03-19T11:37:48.276+0000] {subprocess.py:93} INFO - 	Check FAQ in https://github.com/wkentaro/gdown?tab=readme-ov-file#faq.
[2026-03-19T11:37:48.276+0000] {subprocess.py:93} INFO - 
[2026-03-19T11:37:48.276+0000] {subprocess.py:93} INFO - You may still be able to access the file from the browser:
[2026-03-19T11:37:48.277+0000] {subprocess.py:93} INFO - 
[2026-03-19T11:37:48.277+0000] {subprocess.py:93} INFO - 	https://drive.google.com/uc?id=1AUDr2BsbiW78l6RR-DAzWoF3KWauBiH4
[2026-03-19T11:37:48.277+0000] {subprocess.py:93} INFO - 
[2026-03-19T11:37:48.277+0000] {subprocess.py:93} INFO - but Gdown can't. Please check connections and permissions.
[2026-03-19T11:37:48.301+0000] {subprocess.py:97} INFO - Command exited with return code 1
[2026-03-19T11:37:48.302+0000] {taskinstance.py:441} INFO - ::group::Post task execution logs
[2026-03-19T11:37:48.311+0000] {taskinstance.py:2905} ERROR - Task failed with exception
Traceback (most recent call last):
  File "/home/airflow/.local/lib/python3.11/site-packages/airflow/models/taskinstance.py", line 465, in _execute_task
    result = _execute_callable(context=context, **execute_callable_kwargs)
             ^^^^^^^^^^^^^^^^^^^^^^^^^^^^^^^^^^^^^^^^^^^^^^^^^^^^^^^^^^^^^
  File "/home/airflow/.local/lib/python3.11/site-packages/airflow/models/taskinstance.py", line 432, in _execute_callable
    return execute_callable(context=context, **execute_callable_kwargs)
           ^^^^^^^^^^^^^^^^^^^^^^^^^^^^^^^^^^^^^^^^^^^^^^^^^^^^^^^^^^^^
  File "/home/airflow/.local/lib/python3.11/site-packages/airflow/models/baseoperator.py", line 401, in wrapper
    return func(self, *args, **kwargs)
           ^^^^^^^^^^^^^^^^^^^^^^^^^^^
  File "/home/airflow/.local/lib/python3.11/site-packages/airflow/operators/bash.py", line 243, in execute
    raise AirflowException(
airflow.exceptions.AirflowException: Bash command failed. The command returned a non-zero exit code 1.
[2026-03-19T11:37:48.313+0000] {taskinstance.py:1206} INFO - Marking task as FAILED. dag_id=delivery_pipeline, task_id=download_data, run_id=manual__2026-03-19T11:16:51.127303+00:00, execution_date=20260319T111651, start_date=20260319T113735, end_date=20260319T113748
[2026-03-19T11:37:48.320+0000] {standard_task_runner.py:110} ERROR - Failed to execute job 8 for task download_data (Bash command failed. The command returned a non-zero exit code 1.; 174)
[2026-03-19T11:37:48.334+0000] {local_task_job_runner.py:243} INFO - Task exited with return code 1
[2026-03-19T11:37:48.346+0000] {taskinstance.py:3503} INFO - 0 downstream tasks scheduled from follow-on schedule check
[2026-03-19T11:37:48.348+0000] {local_task_job_runner.py:222} INFO - ::endgroup::
