[2026-03-19T11:31:30.104+0000] {manager.py:470} INFO - Processing files using up to 2 processes at a time 
[2026-03-19T11:31:30.105+0000] {manager.py:471} INFO - Process each file at most once every 30 seconds
[2026-03-19T11:31:30.106+0000] {manager.py:472} INFO - Checking for new files in /opt/airflow/dags every 300 seconds
[2026-03-19T11:31:30.106+0000] {manager.py:737} INFO - Searching for files in /opt/airflow/dags
[2026-03-19T11:31:30.110+0000] {manager.py:740} INFO - There are 1 files in /opt/airflow/dags
[2026-03-19T11:31:41.212+0000] {manager.py:878} INFO - 
================================================================================
DAG File Processing Stats

File Path                                   PID    Runtime      # DAGs    # Errors  Last Runtime    Last Run
------------------------------------------  -----  ---------  --------  ----------  --------------  -------------------
/opt/airflow/dags/delivery_pipeline_dag.py                           1           0  0.05s           2026-03-19T11:31:30
================================================================================
[2026-03-19T11:32:11.444+0000] {manager.py:878} INFO - 
================================================================================
DAG File Processing Stats

File Path                                   PID    Runtime      # DAGs    # Errors  Last Runtime    Last Run
------------------------------------------  -----  ---------  --------  ----------  --------------  -------------------
/opt/airflow/dags/delivery_pipeline_dag.py                           1           0  0.19s           2026-03-19T11:32:00
================================================================================
[2026-03-19T11:32:41.692+0000] {manager.py:878} INFO - 
================================================================================
DAG File Processing Stats

File Path                                   PID    Runtime      # DAGs    # Errors  Last Runtime    Last Run
------------------------------------------  -----  ---------  --------  ----------  --------------  -------------------
/opt/airflow/dags/delivery_pipeline_dag.py                           1           0  0.06s           2026-03-19T11:32:30
================================================================================
[2026-03-19T11:33:11.906+0000] {manager.py:878} INFO - 
================================================================================
DAG File Processing Stats

File Path                                   PID    Runtime      # DAGs    # Errors  Last Runtime    Last Run
------------------------------------------  -----  ---------  --------  ----------  --------------  -------------------
/opt/airflow/dags/delivery_pipeline_dag.py                           1           0  0.04s           2026-03-19T11:33:00
================================================================================
[2026-03-19T11:33:18.740+0000] {manager.py:452} INFO - Exiting gracefully upon receiving signal 15
